3月 05, 2026 4:46:15 下午 org.apache.catalina.startup.VersionLoggerListener log
信息: Server.服务器版本: Apache Tomcat/11.0.9
3月 05, 2026 4:46:15 下午 org.apache.catalina.startup.VersionLoggerListener log
信息: 服务器构建:        Jul 1 2025 20:39:04 UTC
3月 05, 2026 4:46:15 下午 org.apache.catalina.startup.VersionLoggerListener log
信息: 服务器版本号:      11.0.9.0
3月 05, 2026 4:46:15 下午 org.apache.catalina.startup.VersionLoggerListener log
信息: 操作系统名称:      Windows 11
3月 05, 2026 4:46:15 下午 org.apache.catalina.startup.VersionLoggerListener log
信息: OS.版本:           10.0
3月 05, 2026 4:46:15 下午 org.apache.catalina.startup.VersionLoggerListener log
信息: 架构:              amd64
3月 05, 2026 4:46:15 下午 org.apache.catalina.startup.VersionLoggerListener log
信息: Java 环境变量:     D:\[jdk]\jdk-17
3月 05, 2026 4:46:15 下午 org.apache.catalina.startup.VersionLoggerListener log
信息: Java虚拟机版本:    17.0.15+9-LTS-241
3月 05, 2026 4:46:15 下午 org.apache.catalina.startup.VersionLoggerListener log
信息: JVM.供应商:        Oracle Corporation
3月 05, 2026 4:46:15 下午 org.apache.catalina.startup.VersionLoggerListener log
信息: CATALINA_BASE:     D:\JavaWeb\work\.metadata\.plugins\org.eclipse.wst.server.core\tmp3
3月 05, 2026 4:46:15 下午 org.apache.catalina.startup.VersionLoggerListener log
信息: CATALINA_HOME:     D:\[Tomcat]\apache-tomcat-11.0.9-17
3月 05, 2026 4:46:16 下午 org.apache.catalina.startup.VersionLoggerListener log
信息: 命令行参数：       -Dcatalina.base=D:\JavaWeb\work\.metadata\.plugins\org.eclipse.wst.server.core\tmp3
3月 05, 2026 4:46:16 下午 org.apache.catalina.startup.VersionLoggerListener log
信息: 命令行参数：       -Dcatalina.home=D:\[Tomcat]\apache-tomcat-11.0.9-17
3月 05, 2026 4:46:16 下午 org.apache.catalina.startup.VersionLoggerListener log
信息: 命令行参数：       -Dwtp.deploy=D:\JavaWeb\work\.metadata\.plugins\org.eclipse.wst.server.core\tmp3\wtpwebapps
3月 05, 2026 4:46:16 下午 org.apache.catalina.startup.VersionLoggerListener log
信息: 命令行参数：       -Djava.library.path=D:\[Tomcat]\apache-tomcat-11.0.9-17\bin
3月 05, 2026 4:46:16 下午 org.apache.catalina.startup.VersionLoggerListener log
信息: 命令行参数：       --add-opens=java.base/java.lang=ALL-UNNAMED
3月 05, 2026 4:46:16 下午 org.apache.catalina.startup.VersionLoggerListener log
信息: 命令行参数：       --add-opens=java.base/java.io=ALL-UNNAMED
3月 05, 2026 4:46:16 下午 org.apache.catalina.startup.VersionLoggerListener log
信息: 命令行参数：       --add-opens=java.base/java.util=ALL-UNNAMED
3月 05, 2026 4:46:16 下午 org.apache.catalina.startup.VersionLoggerListener log
信息: 命令行参数：       --add-opens=java.base/java.util.concurrent=ALL-UNNAMED
3月 05, 2026 4:46:16 下午 org.apache.catalina.startup.VersionLoggerListener log
信息: 命令行参数：       --add-opens=java.rmi/sun.rmi.transport=ALL-UNNAMED
3月 05, 2026 4:46:16 下午 org.apache.catalina.startup.VersionLoggerListener log
信息: 命令行参数：       -Dfile.encoding=UTF-8
3月 05, 2026 4:46:16 下午 org.apache.catalina.startup.VersionLoggerListener log
信息: 命令行参数：       -Dstdout.encoding=UTF-8
3月 05, 2026 4:46:16 下午 org.apache.catalina.startup.VersionLoggerListener log
信息: 命令行参数：       -Dstderr.encoding=UTF-8
3月 05, 2026 4:46:16 下午 org.apache.catalina.startup.VersionLoggerListener log
信息: 命令行参数：       -XX:+ShowCodeDetailsInExceptionMessages
3月 05, 2026 4:46:16 下午 org.apache.catalina.core.AprLifecycleListener lifecycleEvent
信息: 使用APR版本[1.7.6]加载了基于APR的Apache Tomcat本机库[2.0.9]。
3月 05, 2026 4:46:16 下午 org.apache.catalina.core.AprLifecycleListener initializeSSL
信息: OpenSSL成功初始化 [OpenSSL 3.5.0 8 Apr 2025]
3月 05, 2026 4:46:16 下午 org.apache.coyote.AbstractProtocol init
信息: 初始化协议处理器 ["http-nio-8080"]
3月 05, 2026 4:46:16 下午 org.apache.catalina.startup.Catalina load
信息: 服务器在[1196]毫秒内初始化
3月 05, 2026 4:46:16 下午 org.apache.catalina.core.StandardService startInternal
信息: 正在启动服务[Catalina]
3月 05, 2026 4:46:16 下午 org.apache.catalina.core.StandardEngine startInternal
信息: 正在启动 Servlet 引擎：[Apache Tomcat/11.0.9]
3月 05, 2026 4:46:17 下午 org.apache.jasper.servlet.TldScanner scanJars
信息: 至少有一个JAR被扫描用于TLD但尚未包含TLD。 为此记录器启用调试日志记录，以获取已扫描但未在其中找到TLD的完整JAR列表。 在扫描期间跳过不需要的JAR可以缩短启动时间和JSP编译时间。
3月 05, 2026 4:46:17 下午 org.apache.catalina.util.SessionIdGeneratorBase createSecureRandom
警告: 使用[SHA1PRNG]创建会话ID生成的SecureRandom实例花费了[102]毫秒。
3月 05, 2026 4:46:17 下午 org.apache.jasper.servlet.TldScanner scanJars
信息: 至少有一个JAR被扫描用于TLD但尚未包含TLD。 为此记录器启用调试日志记录，以获取已扫描但未在其中找到TLD的完整JAR列表。 在扫描期间跳过不需要的JAR可以缩短启动时间和JSP编译时间。
3月 05, 2026 4:46:19 下午 org.apache.catalina.core.ContainerBase startInternal
严重: 子容器启动失败
java.util.concurrent.ExecutionException: org.apache.catalina.LifecycleException: 无法启动组件[StandardEngine[Catalina].StandardHost[localhost].StandardContext[/sc]]
	at java.base/java.util.concurrent.FutureTask.report(FutureTask.java:122)
	at java.base/java.util.concurrent.FutureTask.get(FutureTask.java:191)
	at org.apache.catalina.core.ContainerBase.startInternal(ContainerBase.java:723)
	at org.apache.catalina.core.StandardHost.startInternal(StandardHost.java:769)
	at org.apache.catalina.util.LifecycleBase.start(LifecycleBase.java:164)
	at org.apache.catalina.core.ContainerBase$StartChild.call(ContainerBase.java:1164)
	at org.apache.catalina.core.ContainerBase$StartChild.call(ContainerBase.java:1160)
	at java.base/java.util.concurrent.FutureTask.run(FutureTask.java:264)
	at org.apache.tomcat.util.threads.InlineExecutorService.execute(InlineExecutorService.java:75)
	at java.base/java.util.concurrent.AbstractExecutorService.submit(AbstractExecutorService.java:145)
	at org.apache.catalina.core.ContainerBase.startInternal(ContainerBase.java:716)
	at org.apache.catalina.core.StandardEngine.startInternal(StandardEngine.java:203)
	at org.apache.catalina.util.LifecycleBase.start(LifecycleBase.java:164)
	at org.apache.catalina.core.StandardService.startInternal(StandardService.java:412)
	at org.apache.catalina.util.LifecycleBase.start(LifecycleBase.java:164)
	at org.apache.catalina.core.StandardServer.startInternal(StandardServer.java:866)
	at org.apache.catalina.util.LifecycleBase.start(LifecycleBase.java:164)
	at org.apache.catalina.startup.Catalina.start(Catalina.java:759)
	at java.base/jdk.internal.reflect.NativeMethodAccessorImpl.invoke0(Native Method)
	at java.base/jdk.internal.reflect.NativeMethodAccessorImpl.invoke(NativeMethodAccessorImpl.java:77)
	at java.base/jdk.internal.reflect.DelegatingMethodAccessorImpl.invoke(DelegatingMethodAccessorImpl.java:43)
	at java.base/java.lang.reflect.Method.invoke(Method.java:568)
	at org.apache.catalina.startup.Bootstrap.start(Bootstrap.java:342)
	at org.apache.catalina.startup.Bootstrap.main(Bootstrap.java:473)
Caused by: org.apache.catalina.LifecycleException: 无法启动组件[StandardEngine[Catalina].StandardHost[localhost].StandardContext[/sc]]
	at org.apache.catalina.util.LifecycleBase.handleSubClassException(LifecycleBase.java:406)
	at org.apache.catalina.util.LifecycleBase.start(LifecycleBase.java:179)
	at org.apache.catalina.core.ContainerBase$StartChild.call(ContainerBase.java:1164)
	at org.apache.catalina.core.ContainerBase$StartChild.call(ContainerBase.java:1160)
	at java.base/java.util.concurrent.FutureTask.run(FutureTask.java:264)
	at org.apache.tomcat.util.threads.InlineExecutorService.execute(InlineExecutorService.java:75)
	at java.base/java.util.concurrent.AbstractExecutorService.submit(AbstractExecutorService.java:145)
	at org.apache.catalina.core.ContainerBase.startInternal(ContainerBase.java:716)
	... 21 more
Caused by: java.lang.NoClassDefFoundError: UserService
	at java.base/java.lang.Class.getDeclaredFields0(Native Method)
	at java.base/java.lang.Class.privateGetDeclaredFields(Class.java:3297)
	at java.base/java.lang.Class.getDeclaredFields(Class.java:2371)
	at org.apache.catalina.startup.WebAnnotationSet.loadFieldsAnnotation(WebAnnotationSet.java:199)
	at org.apache.catalina.startup.WebAnnotationSet.loadApplicationFilterAnnotations(WebAnnotationSet.java:111)
	at org.apache.catalina.startup.WebAnnotationSet.loadApplicationAnnotations(WebAnnotationSet.java:69)
	at org.apache.catalina.startup.ContextConfig.applicationAnnotationsConfig(ContextConfig.java:316)
	at org.apache.catalina.startup.ContextConfig.configureStart(ContextConfig.java:972)
	at org.apache.catalina.startup.ContextConfig.lifecycleEvent(ContextConfig.java:290)
	at org.apache.catalina.util.LifecycleBase.fireLifecycleEvent(LifecycleBase.java:109)
	at org.apache.catalina.core.StandardContext.startInternal(StandardContext.java:4346)
	at org.apache.catalina.util.LifecycleBase.start(LifecycleBase.java:164)
	... 27 more
Caused by: java.lang.ClassNotFoundException: UserService
	at org.apache.catalina.loader.WebappClassLoaderBase.loadClass(WebappClassLoaderBase.java:1228)
	at org.apache.catalina.loader.WebappClassLoaderBase.loadClass(WebappClassLoaderBase.java:1059)
	... 39 more

3月 05, 2026 4:46:19 下午 org.apache.catalina.core.ContainerBase startInternal
严重: 子容器启动失败
java.util.concurrent.ExecutionException: org.apache.catalina.LifecycleException: 子容器启动失败
	at java.base/java.util.concurrent.FutureTask.report(FutureTask.java:122)
	at java.base/java.util.concurrent.FutureTask.get(FutureTask.java:191)
	at org.apache.catalina.core.ContainerBase.startInternal(ContainerBase.java:723)
	at org.apache.catalina.core.StandardEngine.startInternal(StandardEngine.java:203)
	at org.apache.catalina.util.LifecycleBase.start(LifecycleBase.java:164)
	at org.apache.catalina.core.StandardService.startInternal(StandardService.java:412)
	at org.apache.catalina.util.LifecycleBase.start(LifecycleBase.java:164)
	at org.apache.catalina.core.StandardServer.startInternal(StandardServer.java:866)
	at org.apache.catalina.util.LifecycleBase.start(LifecycleBase.java:164)
	at org.apache.catalina.startup.Catalina.start(Catalina.java:759)
	at java.base/jdk.internal.reflect.NativeMethodAccessorImpl.invoke0(Native Method)
	at java.base/jdk.internal.reflect.NativeMethodAccessorImpl.invoke(NativeMethodAccessorImpl.java:77)
	at java.base/jdk.internal.reflect.DelegatingMethodAccessorImpl.invoke(DelegatingMethodAccessorImpl.java:43)
	at java.base/java.lang.reflect.Method.invoke(Method.java:568)
	at org.apache.catalina.startup.Bootstrap.start(Bootstrap.java:342)
	at org.apache.catalina.startup.Bootstrap.main(Bootstrap.java:473)
Caused by: org.apache.catalina.LifecycleException: 子容器启动失败
	at org.apache.catalina.core.ContainerBase.startInternal(ContainerBase.java:735)
	at org.apache.catalina.core.StandardHost.startInternal(StandardHost.java:769)
	at org.apache.catalina.util.LifecycleBase.start(LifecycleBase.java:164)
	at org.apache.catalina.core.ContainerBase$StartChild.call(ContainerBase.java:1164)
	at org.apache.catalina.core.ContainerBase$StartChild.call(ContainerBase.java:1160)
	at java.base/java.util.concurrent.FutureTask.run(FutureTask.java:264)
	at org.apache.tomcat.util.threads.InlineExecutorService.execute(InlineExecutorService.java:75)
	at java.base/java.util.concurrent.AbstractExecutorService.submit(AbstractExecutorService.java:145)
	at org.apache.catalina.core.ContainerBase.startInternal(ContainerBase.java:716)
	... 13 more
Caused by: java.util.concurrent.ExecutionException: org.apache.catalina.LifecycleException: 无法启动组件[StandardEngine[Catalina].StandardHost[localhost].StandardContext[/sc]]
	at java.base/java.util.concurrent.FutureTask.report(FutureTask.java:122)
	at java.base/java.util.concurrent.FutureTask.get(FutureTask.java:191)
	at org.apache.catalina.core.ContainerBase.startInternal(ContainerBase.java:723)
	... 21 more
Caused by: org.apache.catalina.LifecycleException: 无法启动组件[StandardEngine[Catalina].StandardHost[localhost].StandardContext[/sc]]
	at org.apache.catalina.util.LifecycleBase.handleSubClassException(LifecycleBase.java:406)
	at org.apache.catalina.util.LifecycleBase.start(LifecycleBase.java:179)
	at org.apache.catalina.core.ContainerBase$StartChild.call(ContainerBase.java:1164)
	at org.apache.catalina.core.ContainerBase$StartChild.call(ContainerBase.java:1160)
	at java.base/java.util.concurrent.FutureTask.run(FutureTask.java:264)
	at org.apache.tomcat.util.threads.InlineExecutorService.execute(InlineExecutorService.java:75)
	at java.base/java.util.concurrent.AbstractExecutorService.submit(AbstractExecutorService.java:145)
	at org.apache.catalina.core.ContainerBase.startInternal(ContainerBase.java:716)
	... 21 more
Caused by: java.lang.NoClassDefFoundError: UserService
	at java.base/java.lang.Class.getDeclaredFields0(Native Method)
	at java.base/java.lang.Class.privateGetDeclaredFields(Class.java:3297)
	at java.base/java.lang.Class.getDeclaredFields(Class.java:2371)
	at org.apache.catalina.startup.WebAnnotationSet.loadFieldsAnnotation(WebAnnotationSet.java:199)
	at org.apache.catalina.startup.WebAnnotationSet.loadApplicationFilterAnnotations(WebAnnotationSet.java:111)
	at org.apache.catalina.startup.WebAnnotationSet.loadApplicationAnnotations(WebAnnotationSet.java:69)
	at org.apache.catalina.startup.ContextConfig.applicationAnnotationsConfig(ContextConfig.java:316)
	at org.apache.catalina.startup.ContextConfig.configureStart(ContextConfig.java:972)
	at org.apache.catalina.startup.ContextConfig.lifecycleEvent(ContextConfig.java:290)
	at org.apache.catalina.util.LifecycleBase.fireLifecycleEvent(LifecycleBase.java:109)
	at org.apache.catalina.core.StandardContext.startInternal(StandardContext.java:4346)
	at org.apache.catalina.util.LifecycleBase.start(LifecycleBase.java:164)
	... 27 more
Caused by: java.lang.ClassNotFoundException: UserService
	at org.apache.catalina.loader.WebappClassLoaderBase.loadClass(WebappClassLoaderBase.java:1228)
	at org.apache.catalina.loader.WebappClassLoaderBase.loadClass(WebappClassLoaderBase.java:1059)
	... 39 more

3月 05, 2026 4:46:19 下午 org.apache.catalina.startup.Catalina start
严重: 所必需的服务组件启动失败，所以无法启动Tomcat
org.apache.catalina.LifecycleException: 子容器启动失败
	at org.apache.catalina.core.ContainerBase.startInternal(ContainerBase.java:735)
	at org.apache.catalina.core.StandardEngine.startInternal(StandardEngine.java:203)
	at org.apache.catalina.util.LifecycleBase.start(LifecycleBase.java:164)
	at org.apache.catalina.core.StandardService.startInternal(StandardService.java:412)
	at org.apache.catalina.util.LifecycleBase.start(LifecycleBase.java:164)
	at org.apache.catalina.core.StandardServer.startInternal(StandardServer.java:866)
	at org.apache.catalina.util.LifecycleBase.start(LifecycleBase.java:164)
	at org.apache.catalina.startup.Catalina.start(Catalina.java:759)
	at java.base/jdk.internal.reflect.NativeMethodAccessorImpl.invoke0(Native Method)
	at java.base/jdk.internal.reflect.NativeMethodAccessorImpl.invoke(NativeMethodAccessorImpl.java:77)
	at java.base/jdk.internal.reflect.DelegatingMethodAccessorImpl.invoke(DelegatingMethodAccessorImpl.java:43)
	at java.base/java.lang.reflect.Method.invoke(Method.java:568)
	at org.apache.catalina.startup.Bootstrap.start(Bootstrap.java:342)
	at org.apache.catalina.startup.Bootstrap.main(Bootstrap.java:473)
Caused by: java.util.concurrent.ExecutionException: org.apache.catalina.LifecycleException: 子容器启动失败
	at java.base/java.util.concurrent.FutureTask.report(FutureTask.java:122)
	at java.base/java.util.concurrent.FutureTask.get(FutureTask.java:191)
	at org.apache.catalina.core.ContainerBase.startInternal(ContainerBase.java:723)
	... 13 more
Caused by: org.apache.catalina.LifecycleException: 子容器启动失败
	at org.apache.catalina.core.ContainerBase.startInternal(ContainerBase.java:735)
	at org.apache.catalina.core.StandardHost.startInternal(StandardHost.java:769)
	at org.apache.catalina.util.LifecycleBase.start(LifecycleBase.java:164)
	at org.apache.catalina.core.ContainerBase$StartChild.call(ContainerBase.java:1164)
	at org.apache.catalina.core.ContainerBase$StartChild.call(ContainerBase.java:1160)
	at java.base/java.util.concurrent.FutureTask.run(FutureTask.java:264)
	at org.apache.tomcat.util.threads.InlineExecutorService.execute(InlineExecutorService.java:75)
	at java.base/java.util.concurrent.AbstractExecutorService.submit(AbstractExecutorService.java:145)
	at org.apache.catalina.core.ContainerBase.startInternal(ContainerBase.java:716)
	... 13 more
Caused by: java.util.concurrent.ExecutionException: org.apache.catalina.LifecycleException: 无法启动组件[StandardEngine[Catalina].StandardHost[localhost].StandardContext[/sc]]
	at java.base/java.util.concurrent.FutureTask.report(FutureTask.java:122)
	at java.base/java.util.concurrent.FutureTask.get(FutureTask.java:191)
	at org.apache.catalina.core.ContainerBase.startInternal(ContainerBase.java:723)
	... 21 more
Caused by: org.apache.catalina.LifecycleException: 无法启动组件[StandardEngine[Catalina].StandardHost[localhost].StandardContext[/sc]]
	at org.apache.catalina.util.LifecycleBase.handleSubClassException(LifecycleBase.java:406)
	at org.apache.catalina.util.LifecycleBase.start(LifecycleBase.java:179)
	at org.apache.catalina.core.ContainerBase$StartChild.call(ContainerBase.java:1164)
	at org.apache.catalina.core.ContainerBase$StartChild.call(ContainerBase.java:1160)
	at java.base/java.util.concurrent.FutureTask.run(FutureTask.java:264)
	at org.apache.tomcat.util.threads.InlineExecutorService.execute(InlineExecutorService.java:75)
	at java.base/java.util.concurrent.AbstractExecutorService.submit(AbstractExecutorService.java:145)
	at org.apache.catalina.core.ContainerBase.startInternal(ContainerBase.java:716)
	... 21 more
Caused by: java.lang.NoClassDefFoundError: UserService
	at java.base/java.lang.Class.getDeclaredFields0(Native Method)
	at java.base/java.lang.Class.privateGetDeclaredFields(Class.java:3297)
	at java.base/java.lang.Class.getDeclaredFields(Class.java:2371)
	at org.apache.catalina.startup.WebAnnotationSet.loadFieldsAnnotation(WebAnnotationSet.java:199)
	at org.apache.catalina.startup.WebAnnotationSet.loadApplicationFilterAnnotations(WebAnnotationSet.java:111)
	at org.apache.catalina.startup.WebAnnotationSet.loadApplicationAnnotations(WebAnnotationSet.java:69)
	at org.apache.catalina.startup.ContextConfig.applicationAnnotationsConfig(ContextConfig.java:316)
	at org.apache.catalina.startup.ContextConfig.configureStart(ContextConfig.java:972)
	at org.apache.catalina.startup.ContextConfig.lifecycleEvent(ContextConfig.java:290)
	at org.apache.catalina.util.LifecycleBase.fireLifecycleEvent(LifecycleBase.java:109)
	at org.apache.catalina.core.StandardContext.startInternal(StandardContext.java:4346)
	at org.apache.catalina.util.LifecycleBase.start(LifecycleBase.java:164)
	... 27 more
Caused by: java.lang.ClassNotFoundException: UserService
	at org.apache.catalina.loader.WebappClassLoaderBase.loadClass(WebappClassLoaderBase.java:1228)
	at org.apache.catalina.loader.WebappClassLoaderBase.loadClass(WebappClassLoaderBase.java:1059)
	... 39 more

3月 05, 2026 4:46:19 下午 org.apache.coyote.AbstractProtocol pause
信息: 暂停ProtocolHandler["http-nio-8080"]
3月 05, 2026 4:46:19 下午 org.apache.catalina.core.StandardService stopInternal
信息: 正在停止服务[Catalina]
3月 05, 2026 4:46:19 下午 org.apache.coyote.AbstractProtocol destroy
信息: 正在销毁协议处理器 ["http-nio-8080"]
